487.8491516633328 9048.598065642196
525.839075350078 6833.133812224405
558.401867081574 5347.870842691109
590.9646588130697 4100.8319879814235
623.5274505445657 3144.582860791247
656.0902422760616 2461.0703457272516
688.6530340075574 1900.0793291485977
721.2158257390533 1466.9639424674524
759.2057494257986 1109.678641416779
802.622805067793 837.9842479863851
846.0398607097875 636.0510334356217
889.456916351782 480.31991158629967
932.8739719937764 366.4410995644386
976.2910276357713 276.72143789102495
1019.7080832777658 212.19437747166918
1063.1251389197603 166.92152206495948
1106.5421945617547 131.30788317990573
1149.9592502037492 102.76655180044158
1193.3763058457437 81.25455721601189
1236.7933614877381 63.592912024333685
1285.637549084982 48.963647489535894
1334.481736682226 37.970234909661976
1383.3259242794695 29.747314455495335
1437.597243831963 22.441035693091273
1491.868563384456 16.92926209295391
1540.7127509816999 13.399156757544517
1584.1298066236943 10.757859051790803
1632.9739942209383 8.453972250735566
1681.8181818181822 6.691142164943137
1730.6623694154257 5.263549618200686
1784.9336889679191 4.0361731387258075
1833.7778765651626 3.20762220114971
1882.6220641624066 2.5335860450353556
1936.8933837149 1.9507459250497892
1991.164703267393 1.5081333440337952
2045.436022819886 1.165946909938313
2094.2802104171296 0.9275465077159959
2143.1243980143736 0.7348837256955805
2197.3957175668666 0.5728034574729308
2251.6670371193604 0.4446503597452698
2305.9383566718534 0.3451689053935944
2360.2096762243464 0.2690411224366931
2414.4809957768393 0.20884865535819525
2497.2771727050467 0.1399550879312873
2463.3251833740833 0.1642896284481647
2528.450766837075 0.12032168314959221
2581.6366599985186 0.09809451378812298
2631.566273986812 0.0767725035878803
2685.837593539305 0.05984015423986589
2740.108913091798 0.046642272846449735
2794.380232644292 0.036355214051793344
2848.651552196785 0.028336989346614168
2902.922871749278 0.02208720223971592
2957.194191301771 0.01721581981807827
3011.465510854264 0.013473756459066524
3065.736830406757 0.010502088990467878
3120.0081499592497 0.008219334941018414
3174.2794695117436 0.0064327646560569255
3228.5507890642366 0.005034526688249044
3282.8221086167296 0.003940212386104676
3337.0934281692225 0.0031090562788812543
3391.3647477217155 0.002433265889271703
3445.6360672742094 0.0019199880234645782
3499.9073868267023 0.0015026557727631923
3554.1787063791953 0.001185682625074222
3608.4500259316883 0.0009317586298816779
3662.7213454841813 0.0007352116421062537
3716.992665036675 0.0005754046403998572
3771.263984589168 0.00045033359271239444
3825.535304141661 0.00035244822597246307
3879.806623694154 0.00027583940883235333
3934.077943246647 0.0002158824299797352
3988.349262799141 0.0001682690716589292
4042.620582351634 0.0001306222968297658
4096.891901904127 0.00010057322259120424
4151.16322145662 0.0000774368032707487
4205.434541009113 0.0000601118969912803
4254.278728606357 0.00004723842417500006
4303.122916203601 0.000036819882856164464
4357.394235756094 0.000027776500854448982
4411.665555308587 0.000020954276327580253
4460.5097429058305 0.00001641637057518586
4503.9267985478255 0.000013046396403076632
4541.91672223457 0.000010636319891368297

