Count: 0; Run = 1; Lumi = 4; Event = 11
Count: 1; Run = 1; Lumi = 4; Event = 9
Count: 2; Run = 1; Lumi = 4; Event = 5
Count: 3; Run = 1; Lumi = 4; Event = 3
Count: 4; Run = 1; Lumi = 4; Event = 7
Count: 5; Run = 1; Lumi = 4; Event = 8
Count: 6; Run = 1; Lumi = 4; Event = 4
Count: 7; Run = 1; Lumi = 4; Event = 1
Count: 8; Run = 1; Lumi = 4; Event = 2
Count: 9; Run = 1; Lumi = 4; Event = 6
Count: 10; Run = 1; Lumi = 4; Event = 14
Count: 11; Run = 1; Lumi = 4; Event = 19
Count: 12; Run = 1; Lumi = 4; Event = 12
Count: 13; Run = 1; Lumi = 4; Event = 16
Count: 14; Run = 1; Lumi = 4; Event = 10
Count: 15; Run = 1; Lumi = 4; Event = 21
Count: 16; Run = 1; Lumi = 4; Event = 15
Count: 17; Run = 1; Lumi = 4; Event = 23
Count: 18; Run = 1; Lumi = 4; Event = 13
Count: 19; Run = 1; Lumi = 4; Event = 25
Count: 20; Run = 1; Lumi = 4; Event = 20
Count: 21; Run = 1; Lumi = 4; Event = 24
Count: 22; Run = 1; Lumi = 4; Event = 29
Count: 23; Run = 1; Lumi = 4; Event = 17
Count: 24; Run = 1; Lumi = 4; Event = 22
Count: 25; Run = 1; Lumi = 4; Event = 26
Count: 26; Run = 1; Lumi = 4; Event = 18
Count: 27; Run = 1; Lumi = 4; Event = 36
 ==> PASS
 cand_xyp0 = -0.0180147
 cand_xyp1 = -3.04283
 cand_xyp2 = -2.01154e+07
 cand_rzp0 = -3.14649
 cand_rzp1 = 0.0710036
 cand_rzp2 = 0.000893943
 cand_eta  = -0.0111024
 cand_phi  = -3.05115
Count: 28; Run = 1; Lumi = 4; Event = 35
Count: 29; Run = 1; Lumi = 4; Event = 38
Count: 30; Run = 1; Lumi = 4; Event = 31
Count: 31; Run = 1; Lumi = 4; Event = 33
Count: 32; Run = 1; Lumi = 4; Event = 34
Count: 33; Run = 1; Lumi = 4; Event = 27
Count: 34; Run = 1; Lumi = 4; Event = 32
Count: 35; Run = 1; Lumi = 4; Event = 37
Count: 36; Run = 1; Lumi = 4; Event = 42
Count: 37; Run = 1; Lumi = 4; Event = 30
Count: 38; Run = 1; Lumi = 4; Event = 40
Count: 39; Run = 1; Lumi = 4; Event = 48
Count: 40; Run = 1; Lumi = 4; Event = 44
Count: 41; Run = 1; Lumi = 4; Event = 39
Count: 42; Run = 1; Lumi = 4; Event = 43
Count: 43; Run = 1; Lumi = 4; Event = 47
Count: 44; Run = 1; Lumi = 4; Event = 46
Count: 45; Run = 1; Lumi = 4; Event = 51
Count: 46; Run = 1; Lumi = 4; Event = 45
Count: 47; Run = 1; Lumi = 4; Event = 50
Count: 48; Run = 1; Lumi = 4; Event = 49
Count: 49; Run = 1; Lumi = 4; Event = 53
Count: 50; Run = 1; Lumi = 4; Event = 54
Count: 51; Run = 1; Lumi = 4; Event = 55
Count: 52; Run = 1; Lumi = 4; Event = 56
Count: 53; Run = 1; Lumi = 4; Event = 61
Count: 54; Run = 1; Lumi = 4; Event = 58
Count: 55; Run = 1; Lumi = 4; Event = 60
Count: 56; Run = 1; Lumi = 4; Event = 57
Count: 57; Run = 1; Lumi = 4; Event = 62
Count: 58; Run = 1; Lumi = 4; Event = 63
Count: 59; Run = 1; Lumi = 4; Event = 59
Count: 60; Run = 1; Lumi = 4; Event = 65
Count: 61; Run = 1; Lumi = 4; Event = 52
Count: 62; Run = 1; Lumi = 4; Event = 66
Count: 63; Run = 1; Lumi = 4; Event = 28
Count: 64; Run = 1; Lumi = 4; Event = 64
Count: 65; Run = 1; Lumi = 4; Event = 68
Count: 66; Run = 1; Lumi = 4; Event = 70
Count: 67; Run = 1; Lumi = 4; Event = 75
Count: 68; Run = 1; Lumi = 4; Event = 67
Count: 69; Run = 1; Lumi = 4; Event = 74
Count: 70; Run = 1; Lumi = 4; Event = 78
Count: 71; Run = 1; Lumi = 4; Event = 69
Count: 72; Run = 1; Lumi = 4; Event = 72
Count: 73; Run = 1; Lumi = 4; Event = 71
Count: 74; Run = 1; Lumi = 4; Event = 76
Count: 75; Run = 1; Lumi = 4; Event = 77
Count: 76; Run = 1; Lumi = 4; Event = 79
Count: 77; Run = 1; Lumi = 4; Event = 73
 ==> PASS
 cand_xyp0 = -0.181414
 cand_xyp1 = -0.565742
 cand_xyp2 = 192826
 cand_rzp0 = 3.46939
 cand_rzp1 = 0.744661
 cand_rzp2 = 0.000737776
 cand_eta  = 0.777168
 cand_phi  = -0.599259
Count: 78; Run = 1; Lumi = 4; Event = 82
Count: 79; Run = 1; Lumi = 4; Event = 84
Count: 80; Run = 1; Lumi = 4; Event = 83
Count: 81; Run = 1; Lumi = 4; Event = 81
Count: 82; Run = 1; Lumi = 4; Event = 88
Count: 83; Run = 1; Lumi = 4; Event = 85
Count: 84; Run = 1; Lumi = 4; Event = 93
Count: 85; Run = 1; Lumi = 4; Event = 87
Count: 86; Run = 1; Lumi = 4; Event = 80
Count: 87; Run = 1; Lumi = 4; Event = 86
Count: 88; Run = 1; Lumi = 4; Event = 89
Count: 89; Run = 1; Lumi = 4; Event = 91
Count: 90; Run = 1; Lumi = 4; Event = 94
Count: 91; Run = 1; Lumi = 4; Event = 95
Count: 92; Run = 1; Lumi = 4; Event = 97
Count: 93; Run = 1; Lumi = 4; Event = 96
Count: 94; Run = 1; Lumi = 4; Event = 100
Count: 95; Run = 1; Lumi = 4; Event = 92
Count: 96; Run = 1; Lumi = 4; Event = 99
Count: 97; Run = 1; Lumi = 4; Event = 98
Count: 98; Run = 1; Lumi = 4; Event = 41
 ==> PASS
 cand_xyp0 = 0.159872
 cand_xyp1 = -0.888408
 cand_xyp2 = -4.9218e+06
 cand_rzp0 = 4.57807
 cand_rzp1 = -1.23996
 cand_rzp2 = -0.000318752
 cand_eta  = -1.03014
 cand_phi  = -0.887174
Count: 99; Run = 1; Lumi = 4; Event = 90
=====================================================
===== Dumping Cut Tables
HLT_Photon200_v N-1 TRG 31
HLT_Photon200_v N-1 QualityCuts 3
HLT_Photon200_v N-1 ECut 3
HLT_Photon200_v N-1 F51Cut 6
HLT_Photon200_v N-1 dEdXSigCut 3
HLT_Photon200_v CutFlow TRG 8
HLT_Photon200_v CutFlow QualityCuts 8
HLT_Photon200_v CutFlow ECut 6
HLT_Photon200_v CutFlow F51Cut 3
HLT_Photon200_v CutFlow dEdXSigCut 3
-----------------------------------------------------
==== End Cut Tables
=====================================================
